<?xml version="1.0" encoding="UTF-8"?>
<!-- Generated by org.testng.reporters.JUnitXMLReporter -->
<testsuite ignored="1" hostname="NARAHARI-WOODI-DELL" failures="0" tests="1" name="Default test" time="61.477" errors="0" timestamp="2025-02-28T15:53:15 IST">
  <testcase classname="com.comcast.crm.vendortest.CreateVendorTest" name="createVendorWithPhoneNumberTest" time="39.382"/>
  <testcase classname="com.comcast.crm.vendortest.CreateVendorTest" name="createVendorTest" time="0.0">
    <ignored/>
  </testcase> <!-- createVendorTest -->
</testsuite> <!-- Default test -->
