<?xml version="1.0" encoding="UTF-8"?>
<!-- Generated by org.testng.reporters.JUnitXMLReporter -->
<testsuite ignored="0" hostname="NARAHARI-WOODI-DELL" failures="0" tests="3" name="Default test" time="90.444" errors="0" timestamp="2025-03-13T16:51:10 IST">
  <testcase classname="com.comcast.orgtest.CreateOrganizationTest" name="createOrganizationTest" time="41.865"/>
  <testcase classname="com.comcast.orgtest.CreateOrganizationTest" name="createOrganizationWithIndustriesTest" time="13.923"/>
  <testcase classname="com.comcast.orgtest.CreateOrganizationTest" name="createOrganizationWithPhoneNumberTest" time="13.99"/>
</testsuite> <!-- Default test -->
