<?xml version="1.0" encoding="UTF-8"?>
<testng-results ignored="2" total="3" passed="1" failed="0" skipped="0">
  <reporter-output>
  </reporter-output>
  <suite started-at="2025-02-26T13:20:34 IST" name="Suite" finished-at="2025-02-26T13:20:59 IST" duration-ms="24574">
    <groups>
      <group name="regressionTest">
        <method signature="CreateOrganizationTest.createOrganizationTest()[pri:0, instance:com.comcast.orgtest.CreateOrganizationTest@712625fd]" name="createOrganizationTest" class="com.comcast.orgtest.CreateOrganizationTest"/>
      </group> <!-- regressionTest -->
      <group name="smokeTest">
        <method signature="CreateOrganizationTest.createOrganizationTest()[pri:0, instance:com.comcast.orgtest.CreateOrganizationTest@712625fd]" name="createOrganizationTest" class="com.comcast.orgtest.CreateOrganizationTest"/>
      </group> <!-- smokeTest -->
    </groups>
    <test started-at="2025-02-26T13:20:34 IST" name="Test" finished-at="2025-02-26T13:20:59 IST" duration-ms="24574">
      <class name="com.comcast.orgtest.CreateOrganizationTest">
        <test-method is-config="true" signature="configBS()[pri:0, instance:com.comcast.orgtest.CreateOrganizationTest@712625fd]" started-at="2025-02-26T13:20:34 IST" name="configBS" finished-at="2025-02-26T13:20:34 IST" duration-ms="309" status="PASS">
          <reporter-output>
          </reporter-output>
        </test-method> <!-- configBS -->
        <test-method is-config="true" signature="configBC()[pri:0, instance:com.comcast.orgtest.CreateOrganizationTest@712625fd]" started-at="2025-02-26T13:20:34 IST" name="configBC" finished-at="2025-02-26T13:20:38 IST" duration-ms="3345" status="PASS">
          <reporter-output>
          </reporter-output>
        </test-method> <!-- configBC -->
        <test-method is-config="true" signature="configBM()[pri:0, instance:com.comcast.orgtest.CreateOrganizationTest@712625fd]" started-at="2025-02-26T13:20:38 IST" name="configBM" finished-at="2025-02-26T13:20:42 IST" duration-ms="4077" status="PASS">
          <reporter-output>
          </reporter-output>
        </test-method> <!-- configBM -->
        <test-method signature="createOrganizationTest()[pri:0, instance:com.comcast.orgtest.CreateOrganizationTest@712625fd]" started-at="2025-02-26T13:20:42 IST" name="createOrganizationTest" finished-at="2025-02-26T13:20:56 IST" duration-ms="14626" status="PASS">
          <reporter-output>
          </reporter-output>
        </test-method> <!-- createOrganizationTest -->
        <test-method is-config="true" signature="configAM()[pri:0, instance:com.comcast.orgtest.CreateOrganizationTest@712625fd]" started-at="2025-02-26T13:20:56 IST" name="configAM" finished-at="2025-02-26T13:20:58 IST" duration-ms="2041" status="PASS">
          <reporter-output>
          </reporter-output>
        </test-method> <!-- configAM -->
        <test-method is-config="true" signature="configAC()[pri:0, instance:com.comcast.orgtest.CreateOrganizationTest@712625fd]" started-at="2025-02-26T13:20:58 IST" name="configAC" finished-at="2025-02-26T13:20:59 IST" duration-ms="450" status="PASS">
          <reporter-output>
          </reporter-output>
        </test-method> <!-- configAC -->
        <test-method is-config="true" signature="configAS()[pri:0, instance:com.comcast.orgtest.CreateOrganizationTest@712625fd]" started-at="2025-02-26T13:20:59 IST" name="configAS" finished-at="2025-02-26T13:20:59 IST" duration-ms="11" status="PASS">
          <reporter-output>
          </reporter-output>
        </test-method> <!-- configAS -->
      </class> <!-- com.comcast.orgtest.CreateOrganizationTest -->
    </test> <!-- Test -->
  </suite> <!-- Suite -->
</testng-results>
